  Analize.cpp
c:\users\pelmen\source\repos\tuner_clear\tunerbass\analize.cpp(63): warning C4244: инициализация: преобразование "double" в "float", возможна потеря данных
  graph.cpp
c:\users\pelmen\source\repos\tuner_clear\tunerbass\graph.cpp(30): warning C4244: =: преобразование "int" в "float", возможна потеря данных
c:\users\pelmen\source\repos\tuner_clear\tunerbass\graph.cpp(65): warning C4244: инициализация: преобразование "float" в "int", возможна потеря данных
c:\users\pelmen\source\repos\tuner_clear\tunerbass\graph.cpp(68): warning C4244: инициализация: преобразование "float" в "int", возможна потеря данных
c:\users\pelmen\source\repos\tuner_clear\tunerbass\graph.cpp(69): warning C4244: инициализация: преобразование "float" в "int", возможна потеря данных
c:\users\pelmen\source\repos\tuner_clear\tunerbass\graph.cpp(83): warning C4244: аргумент: преобразование "int" в "float", возможна потеря данных
  main.cpp
c:\users\pelmen\source\repos\tuner_clear\tunerbass\main.cpp(11): warning C4067: непредвиденные лексемы за директивой препроцессора, требуется newline
c:\users\pelmen\source\repos\tuner_clear\tunerbass\main.cpp(60): warning C4244: аргумент: преобразование "double" в "int", возможна потеря данных
c:\users\pelmen\source\repos\tuner_clear\tunerbass\main.cpp(136): warning C4326: возвращаемый тип "main" должен быть "int", а не "void"
c:\users\pelmen\source\repos\tuner_clear\tunerbass\main.cpp(152): warning C4244: =: преобразование "double" в "int", возможна потеря данных
c:\users\pelmen\source\repos\tuner_clear\tunerbass\main.cpp(160): warning C4244: аргумент: преобразование "double" в "DWORD", возможна потеря данных
c:\users\pelmen\source\repos\tuner_clear\tunerbass\main.cpp(161): warning C4244: аргумент: преобразование "double" в "DWORD", возможна потеря данных
c:\users\pelmen\source\repos\tuner_clear\tunerbass\main.cpp(162): warning C4244: аргумент: преобразование "double" в "DWORD", возможна потеря данных
c:\users\pelmen\source\repos\tuner_clear\tunerbass\main.cpp(163): warning C4244: аргумент: преобразование "double" в "DWORD", возможна потеря данных
  Smoothiner.cpp
  Создание кода...
LINK : fatal error LNK1104: не удается открыть файл "bass.lib"
